2019-10-03 12:35:03,388  INFO [main] LogReport:23 - Chrome browser started...
2019-10-03 12:35:12,455  INFO [main] LogReport:23 - Application is open...
2019-10-03 12:37:55,490  INFO [main] LogReport:23 - Chrome browser started...
2019-10-03 12:38:04,809  INFO [main] LogReport:23 - Application is open...
2019-10-03 12:38:23,428  INFO [main] LogReport:23 - Chrome browser started...
2019-10-03 12:38:33,208  INFO [main] LogReport:23 - Application is open...
2019-10-03 12:38:52,707  INFO [main] LogReport:23 - Chrome browser started...
2019-10-03 12:39:00,892  INFO [main] LogReport:23 - Application is open...
2019-10-03 12:39:19,282  INFO [main] LogReport:23 - Chrome browser started...
2019-10-03 12:39:27,887  INFO [main] LogReport:23 - Application is open...
2019-10-03 12:42:36,671  INFO [main] LogReport:23 - Chrome browser started...
2019-10-03 12:42:45,304  INFO [main] LogReport:23 - Application is open...
2019-10-03 12:43:33,811  INFO [main] LogReport:23 - Chrome browser started...
2019-10-03 12:43:41,960  INFO [main] LogReport:23 - Application is open...
2019-10-03 12:45:26,811  INFO [main] LogReport:23 - Chrome browser started...
2019-10-03 12:45:35,525  INFO [main] LogReport:23 - Application is open...
2019-10-03 12:48:13,065  INFO [main] LogReport:23 - Chrome browser started...
2019-10-03 12:48:21,577  INFO [main] LogReport:23 - Application is open...
2019-10-03 12:50:50,742  INFO [main] LogReport:23 - Chrome browser started...
2019-10-03 12:51:00,801  INFO [main] LogReport:23 - Application is open...
2019-10-03 12:53:19,615  INFO [main] LogReport:23 - Chrome browser started...
2019-10-03 12:53:29,141  INFO [main] LogReport:23 - Application is open...
2019-10-03 12:55:24,118  INFO [main] LogReport:23 - Firefox browser started...
2019-10-03 12:55:31,698  INFO [main] LogReport:23 - Application is open...
2019-10-03 12:56:30,678  INFO [main] LogReport:23 - IE browser started...
2019-10-03 12:56:33,800  INFO [main] LogReport:23 - Application is open...
2019-10-03 12:56:39,591  INFO [main] LogReport:23 - IE browser started...
2019-10-03 12:58:13,337  INFO [main] LogReport:23 - IE browser started...
2019-10-03 12:58:13,559  INFO [main] LogReport:23 - Application is open...
2019-10-03 14:12:00,967  INFO [main] LogReport:23 - Chrome browser started...
2019-10-03 14:12:10,975  INFO [main] LogReport:23 - Application is open...
2019-10-03 14:12:37,485  INFO [main] LogReport:23 - Chrome browser started...
2019-10-03 14:12:46,812  INFO [main] LogReport:23 - Application is open...
2019-10-03 14:20:17,547  INFO [main] LogReport:23 - Chrome browser started...
2019-10-03 14:20:26,578  INFO [main] LogReport:23 - Application is open...
2019-10-03 14:20:30,993  INFO [main] LogReport:23 - Successfully validated contentaiml
2019-10-03 14:21:37,333  INFO [main] LogReport:23 - Chrome browser started...
2019-10-03 14:21:46,253  INFO [main] LogReport:23 - Application is open...
2019-10-03 14:21:50,818  INFO [main] LogReport:23 - Successfully validated contentaiml
2019-10-03 14:22:25,915  INFO [main] LogReport:23 - Chrome browser started...
2019-10-03 14:22:34,534  INFO [main] LogReport:23 - Application is open...
2019-10-03 14:22:38,936  INFO [main] LogReport:23 - Successfully validated contentaiml
2019-10-03 14:24:33,965  INFO [main] LogReport:23 - Chrome browser started...
2019-10-03 14:24:42,692  INFO [main] LogReport:23 - Application is open...
2019-10-03 14:24:47,698  INFO [main] LogReport:23 - Successfully validated contentaiml
2019-10-03 14:24:47,747  INFO [main] LogReport:23 - Successfully validated breadcrumbaiml
2019-10-03 14:59:49,359  INFO [main] LogReport:23 - Chrome browser started...
2019-10-03 14:59:58,096  INFO [main] LogReport:23 - Application is open...
2019-10-03 15:00:02,362  INFO [main] LogReport:23 - Successfully validated contentaiml
2019-10-03 15:00:02,385  INFO [main] LogReport:23 - Successfully validated breadcrumbaiml
2019-10-03 15:00:08,764  INFO [main] LogReport:23 - Successfully validated contentarvr
2019-10-03 15:00:08,786  INFO [main] LogReport:23 - Successfully validated breadcrumbarvr
2019-10-03 15:00:12,980  INFO [main] LogReport:23 - Successfully validated contentiot
2019-10-03 15:00:13,005  INFO [main] LogReport:23 - Successfully validated breadcrumbiot
2019-10-03 15:00:17,095  INFO [main] LogReport:23 - Successfully validated contentrpac
2019-10-03 15:00:17,121  INFO [main] LogReport:23 - Successfully validated breadcrumbrpac
2019-10-03 15:00:21,163  INFO [main] LogReport:23 - Successfully validated contentblock
2019-10-03 15:00:21,196  INFO [main] LogReport:23 - Successfully validated breadcrumbblock
2019-10-03 15:00:21,196  INFO [main] LogReport:23 - Successfully validated homepage
2019-10-03 15:25:15,775  INFO [main] LogReport:23 - Chrome browser started...
2019-10-03 15:25:25,285  INFO [main] LogReport:23 - Application is open...
2019-10-03 15:25:58,403  INFO [main] LogReport:23 - Chrome browser started...
2019-10-03 15:26:07,939  INFO [main] LogReport:23 - Application is open...
2019-10-03 15:29:13,350  INFO [main] LogReport:23 - Chrome browser started...
2019-10-03 15:29:23,083  INFO [main] LogReport:23 - Application is open...
2019-10-03 15:53:28,426  INFO [main] LogReport:23 - Chrome browser started...
2019-10-03 15:53:37,699  INFO [main] LogReport:23 - Application is open...
2019-10-03 15:53:46,976  INFO [main] LogReport:23 - Successfully validated contentaiml
2019-10-03 15:53:47,040  INFO [main] LogReport:23 - Successfully validated breadcrumbaiml
2019-10-03 15:53:52,179  INFO [main] LogReport:23 - Successfully validated contentarvr
2019-10-03 15:53:52,224  INFO [main] LogReport:23 - Successfully validated breadcrumbarvr
2019-10-03 15:53:56,617  INFO [main] LogReport:23 - Successfully validated contentiot
2019-10-03 15:53:56,663  INFO [main] LogReport:23 - Successfully validated breadcrumbiot
2019-10-03 15:54:01,046  INFO [main] LogReport:23 - Successfully validated contentrpac
2019-10-03 15:54:01,080  INFO [main] LogReport:23 - Successfully validated breadcrumbrpac
2019-10-03 15:54:05,772  INFO [main] LogReport:23 - Successfully validated contentblock
2019-10-03 15:54:05,809  INFO [main] LogReport:23 - Successfully validated breadcrumbblock
2019-10-03 15:54:05,809  INFO [main] LogReport:23 - Successfully validated homepage
2019-10-03 15:59:28,887  INFO [main] LogReport:23 - Chrome browser started...
2019-10-03 15:59:37,894  INFO [main] LogReport:23 - Application is open...
2019-10-03 15:59:46,288  INFO [main] LogReport:23 - Successfully validated contentaiml
2019-10-03 15:59:46,311  INFO [main] LogReport:23 - Successfully validated breadcrumbaiml
2019-10-03 15:59:50,613  INFO [main] LogReport:23 - Successfully validated contentarvr
2019-10-03 15:59:50,645  INFO [main] LogReport:23 - Successfully validated breadcrumbarvr
2019-10-03 15:59:55,194  INFO [main] LogReport:23 - Successfully validated contentiot
2019-10-03 15:59:55,214  INFO [main] LogReport:23 - Successfully validated breadcrumbiot
2019-10-03 16:00:00,035  INFO [main] LogReport:23 - Successfully validated contentrpac
2019-10-03 16:00:00,067  INFO [main] LogReport:23 - Successfully validated breadcrumbrpac
2019-10-03 16:00:05,952  INFO [main] LogReport:23 - Successfully validated contentblock
2019-10-03 16:00:06,001  INFO [main] LogReport:23 - Successfully validated breadcrumbblock
2019-10-03 16:00:06,001  INFO [main] LogReport:23 - Successfully validated homepage
2019-10-03 17:09:02,348  INFO [main] LogReport:23 - Chrome browser started...
2019-10-03 17:09:11,947  INFO [main] LogReport:23 - Application is open...
2019-10-03 17:09:20,507  INFO [main] LogReport:23 - Successfully validated contentaiml
2019-10-03 17:09:20,536  INFO [main] LogReport:23 - Successfully validated breadcrumbaiml
2019-10-03 17:09:24,022  INFO [main] LogReport:23 - Successfully validated contentarvr
2019-10-03 17:09:24,094  INFO [main] LogReport:23 - Successfully validated breadcrumbarvr
2019-10-03 17:09:37,695  INFO [main] LogReport:23 - Successfully validated contentiot
2019-10-03 17:09:37,720  INFO [main] LogReport:23 - Successfully validated breadcrumbiot
2019-10-03 17:09:50,692  INFO [main] LogReport:23 - Successfully validated contentrpac
2019-10-03 17:09:50,704  INFO [main] LogReport:23 - Successfully validated breadcrumbrpac
2019-10-03 17:10:04,611  INFO [main] LogReport:23 - Successfully validated contentblock
2019-10-03 17:10:04,641  INFO [main] LogReport:23 - Successfully validated breadcrumbblock
2019-10-03 17:10:04,642  INFO [main] LogReport:23 - Successfully validated homepage
2019-10-03 17:16:14,166  INFO [main] LogReport:23 - Chrome browser started...
2019-10-03 17:16:23,812  INFO [main] LogReport:23 - Application is open...
2019-10-03 17:16:34,811  INFO [main] LogReport:23 - Successfully validated contentaiml
2019-10-03 17:16:34,838  INFO [main] LogReport:23 - Successfully validated breadcrumbaiml
2019-10-03 17:16:44,338  INFO [main] LogReport:23 - Successfully validated contentarvr
2019-10-03 17:16:44,372  INFO [main] LogReport:23 - Successfully validated breadcrumbarvr
2019-10-03 17:16:57,414  INFO [main] LogReport:23 - Successfully validated contentiot
2019-10-03 17:16:57,438  INFO [main] LogReport:23 - Successfully validated breadcrumbiot
2019-10-03 17:17:11,353  INFO [main] LogReport:23 - Successfully validated contentrpac
2019-10-03 17:17:11,371  INFO [main] LogReport:23 - Successfully validated breadcrumbrpac
2019-10-03 17:17:24,477  INFO [main] LogReport:23 - Successfully validated contentblock
2019-10-03 17:17:24,524  INFO [main] LogReport:23 - Successfully validated breadcrumbblock
2019-10-03 17:17:24,525  INFO [main] LogReport:23 - Successfully validated homepage
2019-10-03 17:17:28,089  INFO [main] LogReport:23 - Chrome browser started...
2019-10-03 17:17:36,727  INFO [main] LogReport:23 - Application is open...
2019-10-03 17:20:32,531  INFO [main] LogReport:23 - Chrome browser started...
2019-10-03 17:20:41,517  INFO [main] LogReport:23 - Application is open...
2019-10-03 17:23:30,341  INFO [main] LogReport:23 - Chrome browser started...
2019-10-03 17:23:38,755  INFO [main] LogReport:23 - Application is open...
2019-10-03 17:27:36,328  INFO [main] LogReport:23 - Chrome browser started...
2019-10-03 17:27:45,646  INFO [main] LogReport:23 - Application is open...
2019-10-03 17:29:44,778  INFO [main] LogReport:23 - Chrome browser started...
2019-10-03 17:29:54,082  INFO [main] LogReport:23 - Application is open...
2019-10-03 17:33:56,280  INFO [main] LogReport:23 - Chrome browser started...
2019-10-03 17:34:06,815  INFO [main] LogReport:23 - Application is open...
2019-10-03 17:35:18,175  INFO [main] LogReport:23 - Chrome browser started...
2019-10-03 17:35:28,118  INFO [main] LogReport:23 - Application is open...
2019-10-03 17:39:41,132  INFO [main] LogReport:23 - Chrome browser started...
2019-10-03 17:39:49,829  INFO [main] LogReport:23 - Application is open...
2019-10-03 17:41:31,160  INFO [main] LogReport:23 - Chrome browser started...
2019-10-03 17:41:40,134  INFO [main] LogReport:23 - Application is open...
2019-10-03 17:56:00,334  INFO [main] LogReport:23 - Chrome browser started...
2019-10-03 17:56:10,247  INFO [main] LogReport:23 - Application is open...
2019-10-03 18:01:54,442  INFO [main] LogReport:23 - Chrome browser started...
2019-10-03 18:02:03,364  INFO [main] LogReport:23 - Application is open...
2019-10-03 18:05:56,645  INFO [main] LogReport:23 - Chrome browser started...
2019-10-03 18:06:06,081  INFO [main] LogReport:23 - Application is open...
2019-10-03 18:06:11,210  INFO [main] LogReport:23 - Successfully validated content
2019-10-03 18:06:11,247  INFO [main] LogReport:23 - Successfully validated breadcrumbaiml
2019-10-03 18:06:15,244  INFO [main] LogReport:23 - Successfully validated contentaiml
2019-10-03 18:06:15,273  INFO [main] LogReport:23 - Successfully validated breadcrumbaiml
2019-10-03 18:06:19,463  INFO [main] LogReport:23 - Successfully validated contentarvr
2019-10-03 18:06:19,500  INFO [main] LogReport:23 - Successfully validated breadcrumbarvr
2019-10-03 18:06:23,731  INFO [main] LogReport:23 - Successfully validated contentiot
2019-10-03 18:06:23,745  INFO [main] LogReport:23 - Successfully validated breadcrumbiot
2019-10-03 18:06:28,044  INFO [main] LogReport:23 - Successfully validated contentrpac
2019-10-03 18:06:28,092  INFO [main] LogReport:23 - Successfully validated breadcrumbrpac
2019-10-03 18:06:33,795  INFO [main] LogReport:23 - Successfully validated contentblock
2019-10-03 18:06:33,820  INFO [main] LogReport:23 - Successfully validated breadcrumbblock
2019-10-03 18:06:33,820  INFO [main] LogReport:23 - Successfully validated homepage
2019-10-03 18:15:26,238  INFO [main] LogReport:23 - Chrome browser started...
2019-10-03 18:15:35,254  INFO [main] LogReport:23 - Application is open...
2019-10-03 18:22:03,647  INFO [main] LogReport:23 - Chrome browser started...
2019-10-03 18:22:13,892  INFO [main] LogReport:23 - Application is open...
2019-10-03 18:22:19,374  INFO [main] LogReport:23 - Successfully validated content
2019-10-03 18:22:19,391  INFO [main] LogReport:23 - Successfully validated breadcrumb
2019-10-03 18:25:08,922  INFO [main] LogReport:23 - Chrome browser started...
2019-10-03 18:25:17,638  INFO [main] LogReport:23 - Application is open...
2019-10-03 18:39:12,463  INFO [main] LogReport:23 - Chrome browser started...
2019-10-03 18:39:21,567  INFO [main] LogReport:23 - Application is open...
2019-10-03 18:39:43,533  INFO [main] LogReport:23 - Chrome browser started...
2019-10-03 18:39:52,766  INFO [main] LogReport:23 - Application is open...
2019-10-03 18:43:12,887  INFO [main] LogReport:23 - Chrome browser started...
2019-10-03 18:43:22,264  INFO [main] LogReport:23 - Application is open...
2019-10-03 18:45:47,819  INFO [main] LogReport:23 - Chrome browser started...
2019-10-03 18:45:57,473  INFO [main] LogReport:23 - Application is open...
2019-10-03 18:46:03,577  INFO [main] LogReport:23 - Successfully validated content
2019-10-03 18:46:03,611  INFO [main] LogReport:23 - Successfully validated breadcrumb
2019-10-03 18:46:07,838  INFO [main] LogReport:23 - Successfully validated contentaiml
2019-10-03 18:46:07,858  INFO [main] LogReport:23 - Successfully validated breadcrumbaiml
2019-10-03 18:46:11,459  INFO [main] LogReport:23 - Successfully validated contentarvr
2019-10-03 18:46:11,484  INFO [main] LogReport:23 - Successfully validated breadcrumbarvr
2019-10-03 18:46:26,735  INFO [main] LogReport:23 - Successfully validated contentiot
2019-10-03 18:46:26,783  INFO [main] LogReport:23 - Successfully validated breadcrumbiot
2019-10-03 18:46:39,828  INFO [main] LogReport:23 - Successfully validated contentrpac
2019-10-03 18:46:39,864  INFO [main] LogReport:23 - Successfully validated breadcrumbrpac
2019-10-03 18:46:52,709  INFO [main] LogReport:23 - Successfully validated contentblock
2019-10-03 18:46:52,738  INFO [main] LogReport:23 - Successfully validated breadcrumbblock
2019-10-03 18:46:52,738  INFO [main] LogReport:23 - Successfully validated homepage
2019-10-03 18:52:09,572  INFO [main] LogReport:23 - Chrome browser started...
2019-10-03 18:52:19,427  INFO [main] LogReport:23 - Application is open...
2019-10-03 18:55:07,516  INFO [main] LogReport:23 - Chrome browser started...
2019-10-03 18:55:18,015  INFO [main] LogReport:23 - Application is open...
